#
# There is insufficient memory for the Java Runtime Environment to continue.
# Native memory allocation (malloc) failed to allocate 706256 bytes for Chunk::new
# Possible reasons:
#   The system is out of physical RAM or swap space
#   In 32 bit mode, the process size limit was hit
# Possible solutions:
#   Reduce memory load on the system
#   Increase physical memory or swap space
#   Check if swap backing store is full
#   Use 64 bit Java on a 64 bit OS
#   Decrease Java heap size (-Xmx/-Xms)
#   Decrease number of Java threads
#   Decrease Java thread stack sizes (-Xss)
#   Set larger code cache with -XX:ReservedCodeCacheSize=
# This output file may be truncated or incomplete.
#
#  Out of Memory Error (allocation.cpp:390), pid=8436, tid=5040
#
# JRE version: Java(TM) SE Runtime Environment (8.0_20-b26) (build 1.8.0_20-b26)
# Java VM: Java HotSpot(TM) 64-Bit Server VM (25.20-b23 mixed mode windows-amd64 compressed oops)
# Failed to write core dump. Minidumps are not enabled by default on client versions of Windows
#

---------------  T H R E A D  ---------------

Current thread (0x0000000015591800):  JavaThread "C2 CompilerThread0" daemon [_thread_in_native, id=5040, stack(0x0000000016ae0000,0x0000000016be0000)]

Stack: [0x0000000016ae0000,0x0000000016be0000]
Native frames: (J=compiled Java code, j=interpreted, Vv=VM code, C=native code)
V  [jvm.dll+0x3152fa]
V  [jvm.dll+0x265d03]
V  [jvm.dll+0x266943]
V  [jvm.dll+0x25e265]
V  [jvm.dll+0xbe255]
V  [jvm.dll+0xbe6fc]
V  [jvm.dll+0x477e2c]
V  [jvm.dll+0x444d6b]
V  [jvm.dll+0x4500de]
V  [jvm.dll+0x4526c8]
V  [jvm.dll+0x435fc2]
V  [jvm.dll+0x97b62]
V  [jvm.dll+0x98353]
V  [jvm.dll+0x22aac4]
V  [jvm.dll+0x283f5a]
C  [msvcr100.dll+0x21d9f]
C  [msvcr100.dll+0x21e3b]
C  [KERNEL32.DLL+0x17e94]
C  [ntdll.dll+0x31af1]


Current CompileTask:
C2:   4018 2392       4       java.net.URLClassLoader$1::run (5 bytes)


---------------  P R O C E S S  ---------------

Java Threads: ( => current thread )
  0x00000000155ee000 JavaThread "Service Thread" daemon [_thread_blocked, id=3524, stack(0x00000000171e0000,0x00000000172e0000)]
  0x00000000155e8000 JavaThread "C1 CompilerThread2" daemon [_thread_blocked, id=5560, stack(0x0000000016ce0000,0x0000000016de0000)]
  0x00000000155d7000 JavaThread "C2 CompilerThread1" daemon [_thread_in_native, id=10532, stack(0x0000000016be0000,0x0000000016ce0000)]
=>0x0000000015591800 JavaThread "C2 CompilerThread0" daemon [_thread_in_native, id=5040, stack(0x0000000016ae0000,0x0000000016be0000)]
  0x0000000015590000 JavaThread "Attach Listener" daemon [_thread_blocked, id=5900, stack(0x00000000169e0000,0x0000000016ae0000)]
  0x000000001558e800 JavaThread "Signal Dispatcher" daemon [_thread_blocked, id=10840, stack(0x00000000168e0000,0x00000000169e0000)]
  0x0000000015558800 JavaThread "Finalizer" daemon [_thread_blocked, id=10356, stack(0x00000000167e0000,0x00000000168e0000)]
  0x0000000002fc0800 JavaThread "Reference Handler" daemon [_thread_blocked, id=7552, stack(0x00000000166e0000,0x00000000167e0000)]
  0x0000000002ed4000 JavaThread "main" [_thread_in_native, id=8296, stack(0x00000000015c0000,0x00000000016c0000)]

Other Threads:
  0x0000000015557000 VMThread [stack: 0x00000000165e0000,0x00000000166e0000] [id=8264]
  0x0000000016df3000 WatcherThread [stack: 0x00000000172e0000,0x00000000173e0000] [id=10460]

VM state:not at safepoint (normal execution)

VM Mutex/Monitor currently owned by a thread: None

Heap:
 PSYoungGen      total 71680K, used 41086K [0x00000000eb500000, 0x00000000f4100000, 0x0000000100000000)
  eden space 65536K, 62% used [0x00000000eb500000,0x00000000edd1fa60,0x00000000ef500000)
  from space 6144K, 0% used [0x00000000ef500000,0x00000000ef500000,0x00000000efb00000)
  to   space 6144K, 0% used [0x00000000f3b00000,0x00000000f3b00000,0x00000000f4100000)
 ParOldGen       total 33792K, used 6596K [0x00000000c1e00000, 0x00000000c3f00000, 0x00000000eb500000)
  object space 33792K, 19% used [0x00000000c1e00000,0x00000000c2471380,0x00000000c3f00000)
 Metaspace       used 24620K, capacity 26116K, committed 26368K, reserved 1073152K
  class space    used 3205K, capacity 3464K, committed 3584K, reserved 1048576K

Card table byte_map: [0x0000000012390000,0x0000000012590000] byte_map_base: 0x0000000011d81000

Marking Bits: (ParMarkBitMap*) 0x000000006d6cb460
 Begin Bits: [0x0000000012ae0000, 0x0000000013a68000)
 End Bits:   [0x0000000013a68000, 0x00000000149f0000)

Polling page: 0x0000000000ff0000

CodeCache: size=245760Kb used=8604Kb max_used=8604Kb free=237155Kb
 bounds [0x0000000002fd0000, 0x0000000003840000, 0x0000000011fd0000]
 total_blobs=2992 nmethods=2626 adapters=279
 compilation: enabled

Compilation events (10 events):
Event: 3.785 Thread 0x00000000155e8000 nmethod 2597 0x0000000003801910 code [0x0000000003801aa0, 0x0000000003801f08]
Event: 3.785 Thread 0x00000000155e8000 2605       3       org.springframework.core.SerializableTypeWrapper$MethodParameterTypeProvider::getType (8 bytes)
Event: 3.785 Thread 0x00000000155e8000 nmethod 2605 0x0000000003802090 code [0x0000000003802200, 0x0000000003802408]
Event: 3.785 Thread 0x00000000155e8000 2607       3       org.springframework.beans.factory.support.AbstractBeanDefinition::setDestroyMethodName (6 bytes)
Event: 3.785 Thread 0x00000000155e8000 nmethod 2607 0x00000000038024d0 code [0x0000000003802620, 0x0000000003802790]
Event: 3.785 Thread 0x00000000155e8000 2608       3       org.springframework.beans.factory.support.AbstractBeanDefinition::setResource (6 bytes)
Event: 3.786 Thread 0x00000000155e8000 nmethod 2608 0x0000000003802810 code [0x0000000003802960, 0x0000000003802ad0]
Event: 3.786 Thread 0x00000000155e8000 2606       3       java.util.Optional::empty (6 bytes)
Event: 3.786 Thread 0x00000000155e8000 nmethod 2606 0x0000000003802b50 code [0x0000000003802ca0, 0x0000000003802dd0]
Event: 3.786 Thread 0x00000000155e8000 2609       3       org.springframework.core.SerializableTypeWrapper::forTypeProvider (191 bytes)

GC Heap History (10 events):
Event: 1.755 GC heap before
{Heap before GC invocations=4 (full 0):
 PSYoungGen      total 18944K, used 18944K [0x00000000eb500000, 0x00000000eda00000, 0x0000000100000000)
  eden space 16384K, 100% used [0x00000000eb500000,0x00000000ec500000,0x00000000ec500000)
  from space 2560K, 100% used [0x00000000ec500000,0x00000000ec780000,0x00000000ec780000)
  to   space 2560K, 0% used [0x00000000ed780000,0x00000000ed780000,0x00000000eda00000)
 ParOldGen       total 44032K, used 5231K [0x00000000c1e00000, 0x00000000c4900000, 0x00000000eb500000)
  object space 44032K, 11% used [0x00000000c1e00000,0x00000000c231be28,0x00000000c4900000)
 Metaspace       used 16046K, capacity 16584K, committed 16768K, reserved 1064960K
  class space    used 2022K, capacity 2136K, committed 2176K, reserved 1048576K
Event: 1.763 GC heap after
Heap after GC invocations=4 (full 0):
 PSYoungGen      total 35328K, used 2549K [0x00000000eb500000, 0x00000000eda00000, 0x0000000100000000)
  eden space 32768K, 0% used [0x00000000eb500000,0x00000000eb500000,0x00000000ed500000)
  from space 2560K, 99% used [0x00000000ed780000,0x00000000ed9fd498,0x00000000eda00000)
  to   space 2560K, 0% used [0x00000000ed500000,0x00000000ed500000,0x00000000ed780000)
 ParOldGen       total 44032K, used 7995K [0x00000000c1e00000, 0x00000000c4900000, 0x00000000eb500000)
  object space 44032K, 18% used [0x00000000c1e00000,0x00000000c25cee10,0x00000000c4900000)
 Metaspace       used 16046K, capacity 16584K, committed 16768K, reserved 1064960K
  class space    used 2022K, capacity 2136K, committed 2176K, reserved 1048576K
}
Event: 2.029 GC heap before
{Heap before GC invocations=5 (full 0):
 PSYoungGen      total 35328K, used 35297K [0x00000000eb500000, 0x00000000eda00000, 0x0000000100000000)
  eden space 32768K, 99% used [0x00000000eb500000,0x00000000ed4fb250,0x00000000ed500000)
  from space 2560K, 99% used [0x00000000ed780000,0x00000000ed9fd498,0x00000000eda00000)
  to   space 2560K, 0% used [0x00000000ed500000,0x00000000ed500000,0x00000000ed780000)
 ParOldGen       total 44032K, used 7995K [0x00000000c1e00000, 0x00000000c4900000, 0x00000000eb500000)
  object space 44032K, 18% used [0x00000000c1e00000,0x00000000c25cee10,0x00000000c4900000)
 Metaspace       used 17753K, capacity 18404K, committed 18560K, reserved 1064960K
  class space    used 2248K, capacity 2390K, committed 2432K, reserved 1048576K
Event: 2.036 GC heap after
Heap after GC invocations=5 (full 0):
 PSYoungGen      total 35328K, used 2546K [0x00000000eb500000, 0x00000000f0100000, 0x0000000100000000)
  eden space 32768K, 0% used [0x00000000eb500000,0x00000000eb500000,0x00000000ed500000)
  from space 2560K, 99% used [0x00000000ed500000,0x00000000ed77ca70,0x00000000ed780000)
  to   space 6144K, 0% used [0x00000000efb00000,0x00000000efb00000,0x00000000f0100000)
 ParOldGen       total 44032K, used 9933K [0x00000000c1e00000, 0x00000000c4900000, 0x00000000eb500000)
  object space 44032K, 22% used [0x00000000c1e00000,0x00000000c27b3600,0x00000000c4900000)
 Metaspace       used 17753K, capacity 18404K, committed 18560K, reserved 1064960K
  class space    used 2248K, capacity 2390K, committed 2432K, reserved 1048576K
}
Event: 2.368 GC heap before
{Heap before GC invocations=6 (full 0):
 PSYoungGen      total 35328K, used 35314K [0x00000000eb500000, 0x00000000f0100000, 0x0000000100000000)
  eden space 32768K, 100% used [0x00000000eb500000,0x00000000ed500000,0x00000000ed500000)
  from space 2560K, 99% used [0x00000000ed500000,0x00000000ed77ca70,0x00000000ed780000)
  to   space 6144K, 0% used [0x00000000efb00000,0x00000000efb00000,0x00000000f0100000)
 ParOldGen       total 44032K, used 9933K [0x00000000c1e00000, 0x00000000c4900000, 0x00000000eb500000)
  object space 44032K, 22% used [0x00000000c1e00000,0x00000000c27b3600,0x00000000c4900000)
 Metaspace       used 18990K, capacity 19684K, committed 19840K, reserved 1067008K
  class space    used 2392K, capacity 2568K, committed 2688K, reserved 1048576K
Event: 2.375 GC heap after
Heap after GC invocations=6 (full 0):
 PSYoungGen      total 71680K, used 4921K [0x00000000eb500000, 0x00000000f0100000, 0x0000000100000000)
  eden space 65536K, 0% used [0x00000000eb500000,0x00000000eb500000,0x00000000ef500000)
  from space 6144K, 80% used [0x00000000efb00000,0x00000000effce728,0x00000000f0100000)
  to   space 6144K, 0% used [0x00000000ef500000,0x00000000ef500000,0x00000000efb00000)
 ParOldGen       total 44032K, used 9941K [0x00000000c1e00000, 0x00000000c4900000, 0x00000000eb500000)
  object space 44032K, 22% used [0x00000000c1e00000,0x00000000c27b5600,0x00000000c4900000)
 Metaspace       used 18990K, capacity 19684K, committed 19840K, reserved 1067008K
  class space    used 2392K, capacity 2568K, committed 2688K, reserved 1048576K
}
Event: 2.698 GC heap before
{Heap before GC invocations=7 (full 0):
 PSYoungGen      total 71680K, used 24574K [0x00000000eb500000, 0x00000000f0100000, 0x0000000100000000)
  eden space 65536K, 29% used [0x00000000eb500000,0x00000000ec831370,0x00000000ef500000)
  from space 6144K, 80% used [0x00000000efb00000,0x00000000effce728,0x00000000f0100000)
  to   space 6144K, 0% used [0x00000000ef500000,0x00000000ef500000,0x00000000efb00000)
 ParOldGen       total 44032K, used 9941K [0x00000000c1e00000, 0x00000000c4900000, 0x00000000eb500000)
  object space 44032K, 22% used [0x00000000c1e00000,0x00000000c27b5600,0x00000000c4900000)
 Metaspace       used 20330K, capacity 21122K, committed 21248K, reserved 1067008K
  class space    used 2560K, capacity 2731K, committed 2816K, reserved 1048576K
Event: 2.709 GC heap after
Heap after GC invocations=7 (full 0):
 PSYoungGen      total 71680K, used 4643K [0x00000000eb500000, 0x00000000f4100000, 0x0000000100000000)
  eden space 65536K, 0% used [0x00000000eb500000,0x00000000eb500000,0x00000000ef500000)
  from space 6144K, 75% used [0x00000000ef500000,0x00000000ef988dc0,0x00000000efb00000)
  to   space 6144K, 0% used [0x00000000f3b00000,0x00000000f3b00000,0x00000000f4100000)
 ParOldGen       total 44032K, used 11217K [0x00000000c1e00000, 0x00000000c4900000, 0x00000000eb500000)
  object space 44032K, 25% used [0x00000000c1e00000,0x00000000c28f4588,0x00000000c4900000)
 Metaspace       used 20330K, capacity 21122K, committed 21248K, reserved 1067008K
  class space    used 2560K, capacity 2731K, committed 2816K, reserved 1048576K
}
Event: 2.710 GC heap before
{Heap before GC invocations=8 (full 1):
 PSYoungGen      total 71680K, used 4643K [0x00000000eb500000, 0x00000000f4100000, 0x0000000100000000)
  eden space 65536K, 0% used [0x00000000eb500000,0x00000000eb500000,0x00000000ef500000)
  from space 6144K, 75% used [0x00000000ef500000,0x00000000ef988dc0,0x00000000efb00000)
  to   space 6144K, 0% used [0x00000000f3b00000,0x00000000f3b00000,0x00000000f4100000)
 ParOldGen       total 44032K, used 11217K [0x00000000c1e00000, 0x00000000c4900000, 0x00000000eb500000)
  object space 44032K, 25% used [0x00000000c1e00000,0x00000000c28f4588,0x00000000c4900000)
 Metaspace       used 20330K, capacity 21122K, committed 21248K, reserved 1067008K
  class space    used 2560K, capacity 2731K, committed 2816K, reserved 1048576K
Event: 2.763 GC heap after
Heap after GC invocations=8 (full 1):
 PSYoungGen      total 71680K, used 0K [0x00000000eb500000, 0x00000000f4100000, 0x0000000100000000)
  eden space 65536K, 0% used [0x00000000eb500000,0x00000000eb500000,0x00000000ef500000)
  from space 6144K, 0% used [0x00000000ef500000,0x00000000ef500000,0x00000000efb00000)
  to   space 6144K, 0% used [0x00000000f3b00000,0x00000000f3b00000,0x00000000f4100000)
 ParOldGen       total 33792K, used 6596K [0x00000000c1e00000, 0x00000000c3f00000, 0x00000000eb500000)
  object space 33792K, 19% used [0x00000000c1e00000,0x00000000c2471380,0x00000000c3f00000)
 Metaspace       used 20329K, capacity 21120K, committed 21248K, reserved 1067008K
  class space    used 2560K, capacity 2730K, committed 2816K, reserved 1048576K
}

Deoptimization events (10 events):
Event: 2.665 Thread 0x0000000002ed4000 Uncommon trap: reason=bimorphic action=maybe_recompile pc=0x00000000035a8d00 method=java.util.Arrays.equals([Ljava/lang/Object;[Ljava/lang/Object;)Z @ 62
Event: 2.784 Thread 0x0000000002ed4000 Uncommon trap: reason=bimorphic action=maybe_recompile pc=0x00000000035a8d00 method=java.util.Arrays.equals([Ljava/lang/Object;[Ljava/lang/Object;)Z @ 62
Event: 2.785 Thread 0x0000000002ed4000 Uncommon trap: reason=bimorphic action=maybe_recompile pc=0x00000000035a8d00 method=java.util.Arrays.equals([Ljava/lang/Object;[Ljava/lang/Object;)Z @ 62
Event: 3.382 Thread 0x0000000002ed4000 Uncommon trap: reason=unreached action=reinterpret pc=0x00000000037327bc method=java.lang.reflect.Method.equals(Ljava/lang/Object;)Z @ 1
Event: 3.515 Thread 0x0000000002ed4000 Uncommon trap: reason=class_check action=maybe_recompile pc=0x00000000033f08c8 method=java.util.concurrent.ConcurrentHashMap.putVal(Ljava/lang/Object;Ljava/lang/Object;Z)Ljava/lang/Object; @ 192
Event: 3.538 Thread 0x0000000002ed4000 Uncommon trap: reason=class_check action=maybe_recompile pc=0x00000000033f08c8 method=java.util.concurrent.ConcurrentHashMap.putVal(Ljava/lang/Object;Ljava/lang/Object;Z)Ljava/lang/Object; @ 192
Event: 3.578 Thread 0x0000000002ed4000 Uncommon trap: reason=class_check action=maybe_recompile pc=0x0000000003336f7c method=org.springframework.boot.context.properties.source.ConfigurationPropertyName$Elements.charAt(II)C @ 43
Event: 3.579 Thread 0x0000000002ed4000 Uncommon trap: reason=class_check action=maybe_recompile pc=0x0000000003336f7c method=org.springframework.boot.context.properties.source.ConfigurationPropertyName$Elements.charAt(II)C @ 43
Event: 3.582 Thread 0x0000000002ed4000 Uncommon trap: reason=class_check action=maybe_recompile pc=0x00000000033f08c8 method=java.util.concurrent.ConcurrentHashMap.putVal(Ljava/lang/Object;Ljava/lang/Object;Z)Ljava/lang/Object; @ 192
Event: 3.584 Thread 0x0000000002ed4000 Uncommon trap: reason=class_check action=maybe_recompile pc=0x00000000033f08c8 method=java.util.concurrent.ConcurrentHashMap.putVal(Ljava/lang/Object;Ljava/lang/Object;Z)Ljava/lang/Object; @ 192

Internal exceptions (10 events):
Event: 3.762 Thread 0x0000000002ed4000 Exception <a 'java/security/PrivilegedActionException'> (0x00000000ed9ae390) thrown at [D:\re\workspace\8-2-build-windows-amd64-cygwin\jdk8u20\1074\hotspot\src\share\vm\prims\jvm.cpp, line 1275]
Event: 3.763 Thread 0x0000000002ed4000 Exception <a 'java/security/PrivilegedActionException'> (0x00000000ed9b40f8) thrown at [D:\re\workspace\8-2-build-windows-amd64-cygwin\jdk8u20\1074\hotspot\src\share\vm\prims\jvm.cpp, line 1275]
Event: 3.763 Thread 0x0000000002ed4000 Exception <a 'java/security/PrivilegedActionException'> (0x00000000ed9ba500) thrown at [D:\re\workspace\8-2-build-windows-amd64-cygwin\jdk8u20\1074\hotspot\src\share\vm\prims\jvm.cpp, line 1275]
Event: 3.764 Thread 0x0000000002ed4000 Exception <a 'java/security/PrivilegedActionException'> (0x00000000ed9c5a48) thrown at [D:\re\workspace\8-2-build-windows-amd64-cygwin\jdk8u20\1074\hotspot\src\share\vm\prims\jvm.cpp, line 1275]
Event: 3.765 Thread 0x0000000002ed4000 Exception <a 'java/security/PrivilegedActionException'> (0x00000000ed9d0040) thrown at [D:\re\workspace\8-2-build-windows-amd64-cygwin\jdk8u20\1074\hotspot\src\share\vm\prims\jvm.cpp, line 1275]
Event: 3.768 Thread 0x0000000002ed4000 Exception <a 'java/security/PrivilegedActionException'> (0x00000000ed9e6440) thrown at [D:\re\workspace\8-2-build-windows-amd64-cygwin\jdk8u20\1074\hotspot\src\share\vm\prims\jvm.cpp, line 1275]
Event: 3.769 Thread 0x0000000002ed4000 Exception <a 'java/security/PrivilegedActionException'> (0x00000000ed9f2bf0) thrown at [D:\re\workspace\8-2-build-windows-amd64-cygwin\jdk8u20\1074\hotspot\src\share\vm\prims\jvm.cpp, line 1275]
Event: 3.770 Thread 0x0000000002ed4000 Exception <a 'java/security/PrivilegedActionException'> (0x00000000ed9fae88) thrown at [D:\re\workspace\8-2-build-windows-amd64-cygwin\jdk8u20\1074\hotspot\src\share\vm\prims\jvm.cpp, line 1275]
Event: 3.783 Thread 0x0000000002ed4000 Exception <a 'java/security/PrivilegedActionException'> (0x00000000eda4a928) thrown at [D:\re\workspace\8-2-build-windows-amd64-cygwin\jdk8u20\1074\hotspot\src\share\vm\prims\jvm.cpp, line 1275]
Event: 3.787 Thread 0x0000000002ed4000 Exception <a 'java/security/PrivilegedActionException'> (0x00000000eda5dc40) thrown at [D:\re\workspace\8-2-build-windows-amd64-cygwin\jdk8u20\1074\hotspot\src\share\vm\prims\jvm.cpp, line 1275]

Events (10 events):
Event: 3.782 loading class javax/servlet/Registration$Dynamic
Event: 3.782 loading class javax/servlet/Registration$Dynamic done
Event: 3.784 loading class javax/servlet/MultipartConfigElement
Event: 3.784 loading class javax/servlet/MultipartConfigElement done
Event: 3.784 loading class javax/servlet/MultipartConfigElement
Event: 3.784 loading class javax/servlet/MultipartConfigElement done
Event: 3.784 loading class org/springframework/boot/autoconfigure/web/servlet/DispatcherServletRegistrationBean
Event: 3.784 loading class org/springframework/boot/autoconfigure/web/servlet/DispatcherServletRegistrationBean done
Event: 3.787 loading class org/springframework/boot/context/properties/source/UnboundElementsSourceFilter
Event: 3.787 loading class org/springframework/boot/context/properties/source/UnboundElementsSourceFilter done


Dynamic libraries:
0x00007ff6c8440000 - 0x00007ff6c8474000 	C:\Program Files\Java\jre1.8.0_20\bin\javaw.exe
0x00007ff8bcd20000 - 0x00007ff8bcf0d000 	C:\Windows\SYSTEM32\ntdll.dll
0x00007ff89a4e0000 - 0x00007ff89a4f2000 	C:\Program Files\AVAST Software\Avast\aswhook.dll
0x00007ff8ba580000 - 0x00007ff8ba633000 	C:\Windows\System32\KERNEL32.DLL
0x00007ff8b9490000 - 0x00007ff8b9723000 	C:\Windows\System32\KERNELBASE.dll
0x00007ff8bb0a0000 - 0x00007ff8bb143000 	C:\Windows\System32\ADVAPI32.dll
0x00007ff8ba4e0000 - 0x00007ff8ba57e000 	C:\Windows\System32\msvcrt.dll
0x00007ff8bb150000 - 0x00007ff8bb1ee000 	C:\Windows\System32\sechost.dll
0x00007ff8bcbc0000 - 0x00007ff8bcce3000 	C:\Windows\System32\RPCRT4.dll
0x00007ff8ba340000 - 0x00007ff8ba4d7000 	C:\Windows\System32\USER32.dll
0x00007ff8b97e0000 - 0x00007ff8b9800000 	C:\Windows\System32\win32u.dll
0x00007ff8ba0a0000 - 0x00007ff8ba0c9000 	C:\Windows\System32\GDI32.dll
0x00007ff8b9150000 - 0x00007ff8b92ea000 	C:\Windows\System32\gdi32full.dll
0x00007ff8b92f0000 - 0x00007ff8b9390000 	C:\Windows\System32\msvcp_win.dll
0x00007ff8b8fd0000 - 0x00007ff8b90cc000 	C:\Windows\System32\ucrtbase.dll
0x00007ff89a1a0000 - 0x00007ff89a419000 	C:\Windows\WinSxS\amd64_microsoft.windows.common-controls_6595b64144ccf1df_6.0.17763.168_none_05b737f6071d80ab\COMCTL32.dll
0x00007ff8bc6e0000 - 0x00007ff8bca0d000 	C:\Windows\System32\combase.dll
0x00007ff8b90d0000 - 0x00007ff8b914e000 	C:\Windows\System32\bcryptPrimitives.dll
0x00007ff8ba010000 - 0x00007ff8ba03e000 	C:\Windows\System32\IMM32.DLL
0x000000006cc60000 - 0x000000006cd32000 	C:\Program Files\Java\jre1.8.0_20\bin\msvcr100.dll
0x000000006cef0000 - 0x000000006d748000 	C:\Program Files\Java\jre1.8.0_20\bin\server\jvm.dll
0x00007ff8ba330000 - 0x00007ff8ba338000 	C:\Windows\System32\PSAPI.DLL
0x00007ff8ab5c0000 - 0x00007ff8ab5c9000 	C:\Windows\SYSTEM32\WSOCK32.dll
0x00007ff8bb030000 - 0x00007ff8bb09d000 	C:\Windows\System32\WS2_32.dll
0x00007ff8b4300000 - 0x00007ff8b4324000 	C:\Windows\SYSTEM32\WINMM.dll
0x00007ff8b42d0000 - 0x00007ff8b42fd000 	C:\Windows\SYSTEM32\WINMMBASE.dll
0x00007ff8b9390000 - 0x00007ff8b93da000 	C:\Windows\System32\cfgmgr32.dll
0x000000006ce00000 - 0x000000006ce0f000 	C:\Program Files\Java\jre1.8.0_20\bin\verify.dll
0x000000006cdd0000 - 0x000000006cdf8000 	C:\Program Files\Java\jre1.8.0_20\bin\java.dll
0x000000006cdb0000 - 0x000000006cdc6000 	C:\Program Files\Java\jre1.8.0_20\bin\zip.dll
0x00007ff8bb1f0000 - 0x00007ff8bc6df000 	C:\Windows\System32\SHELL32.dll
0x00007ff8ba100000 - 0x00007ff8ba1a8000 	C:\Windows\System32\shcore.dll
0x00007ff8b9800000 - 0x00007ff8b9f4a000 	C:\Windows\System32\windows.storage.dll
0x00007ff8b8da0000 - 0x00007ff8b8dc4000 	C:\Windows\System32\profapi.dll
0x00007ff8b8d40000 - 0x00007ff8b8d9d000 	C:\Windows\System32\powrprof.dll
0x00007ff8b9f50000 - 0x00007ff8b9fa2000 	C:\Windows\System32\shlwapi.dll
0x00007ff8b8d20000 - 0x00007ff8b8d31000 	C:\Windows\System32\kernel.appcore.dll
0x00007ff8b93e0000 - 0x00007ff8b93f7000 	C:\Windows\System32\cryptsp.dll
0x000000006cc50000 - 0x000000006cc5d000 	C:\Program Files\Java\jre1.8.0_20\bin\management.dll
0x000000006cd90000 - 0x000000006cdaa000 	C:\Program Files\Java\jre1.8.0_20\bin\net.dll
0x00007ff8b85b0000 - 0x00007ff8b8617000 	C:\Windows\system32\mswsock.dll
0x00007ff8a76e0000 - 0x00007ff8a76f6000 	C:\Windows\system32\napinsp.dll
0x00007ff8a76c0000 - 0x00007ff8a76da000 	C:\Windows\system32\pnrpnsp.dll
0x00007ff8b8350000 - 0x00007ff8b8416000 	C:\Windows\SYSTEM32\DNSAPI.dll
0x00007ff8baf40000 - 0x00007ff8baf48000 	C:\Windows\System32\NSI.dll
0x00007ff8b8310000 - 0x00007ff8b834d000 	C:\Windows\SYSTEM32\IPHLPAPI.DLL
0x00007ff8a73c0000 - 0x00007ff8a73ce000 	C:\Windows\System32\winrnr.dll
0x00007ff8b4fa0000 - 0x00007ff8b4fbb000 	C:\Windows\system32\NLAapi.dll
0x00007ff8b2e50000 - 0x00007ff8b2e65000 	C:\Windows\system32\wshbth.dll
0x00007ff8abeb0000 - 0x00007ff8abeba000 	C:\Windows\System32\rasadhlp.dll
0x00007ff8ac0e0000 - 0x00007ff8ac159000 	C:\Windows\System32\fwpuclnt.dll
0x00007ff8b9460000 - 0x00007ff8b9486000 	C:\Windows\System32\bcrypt.dll
0x000000006cd70000 - 0x000000006cd81000 	C:\Program Files\Java\jre1.8.0_20\bin\nio.dll
0x00007ff8b7750000 - 0x00007ff8b793d000 	C:\Windows\SYSTEM32\dbghelp.dll
0x00007ff8b8170000 - 0x00007ff8b81a3000 	C:\Windows\system32\rsaenh.dll
0x00007ff8b8c20000 - 0x00007ff8b8c48000 	C:\Windows\SYSTEM32\USERENV.dll
0x00007ff8b8780000 - 0x00007ff8b878c000 	C:\Windows\SYSTEM32\CRYPTBASE.dll
0x00007ff8acfb0000 - 0x00007ff8acfc6000 	C:\Windows\SYSTEM32\dhcpcsvc6.DLL
0x00007ff8ad230000 - 0x00007ff8ad24c000 	C:\Windows\SYSTEM32\dhcpcsvc.DLL

VM Arguments:
jvm_args: -Dfile.encoding=UTF-8 
java_command: com.cbct.SpringBootApplicationRunner
java_class_path (initial): C:\Users\bhagyashree\Downloads\CBCT LOGIN\cbct login\target\classes;C:\Users\bhagyashree\.m2\repository\org\springframework\boot\spring-boot-starter-web\2.3.3.RELEASE\spring-boot-starter-web-2.3.3.RELEASE.jar;C:\Users\bhagyashree\.m2\repository\org\springframework\boot\spring-boot-starter\2.3.3.RELEASE\spring-boot-starter-2.3.3.RELEASE.jar;C:\Users\bhagyashree\.m2\repository\org\springframework\boot\spring-boot\2.3.3.RELEASE\spring-boot-2.3.3.RELEASE.jar;C:\Users\bhagyashree\.m2\repository\org\springframework\boot\spring-boot-autoconfigure\2.3.3.RELEASE\spring-boot-autoconfigure-2.3.3.RELEASE.jar;C:\Users\bhagyashree\.m2\repository\org\springframework\boot\spring-boot-starter-logging\2.3.3.RELEASE\spring-boot-starter-logging-2.3.3.RELEASE.jar;C:\Users\bhagyashree\.m2\repository\ch\qos\logback\logback-classic\1.2.3\logback-classic-1.2.3.jar;C:\Users\bhagyashree\.m2\repository\ch\qos\logback\logback-core\1.2.3\logback-core-1.2.3.jar;C:\Users\bhagyashree\.m2\repository\org\apache\logging\log4j\log4j-to-slf4j\2.13.3\log4j-to-slf4j-2.13.3.jar;C:\Users\bhagyashree\.m2\repository\org\apache\logging\log4j\log4j-api\2.13.3\log4j-api-2.13.3.jar;C:\Users\bhagyashree\.m2\repository\org\slf4j\jul-to-slf4j\1.7.30\jul-to-slf4j-1.7.30.jar;C:\Users\bhagyashree\.m2\repository\jakarta\annotation\jakarta.annotation-api\1.3.5\jakarta.annotation-api-1.3.5.jar;C:\Users\bhagyashree\.m2\repository\org\springframework\spring-core\5.2.8.RELEASE\spring-core-5.2.8.RELEASE.jar;C:\Users\bhagyashree\.m2\repository\org\springframework\spring-jcl\5.2.8.RELEASE\spring-jcl-5.2.8.RELEASE.jar;C:\Users\bhagyashree\.m2\repository\org\yaml\snakeyaml\1.26\snakeyaml-1.26.jar;C:\Users\bhagyashree\.m2\repository\org\springframework\boot\spring-boot-starter-json\2.3.3.RELEASE\spring-boot-starter-json-2.3.3.RELEASE.jar;C:\Users\bhagyashree\.m2\repository\com\fasterxml\jackson\core\jackson-databind\2.11.2\jackson-databind-2.11.2.jar;C:\Users\bhagyashree\.m2\repository\com\fasterxml\ja
Launcher Type: SUN_STANDARD

Environment Variables:
PATH=C:/Program Files/Java/jre1.8.0_20/bin/server;C:/Program Files/Java/jre1.8.0_20/bin;C:/Program Files/Java/jre1.8.0_20/lib/amd64;C:\ProgramData\Oracle\Java\javapath;C:\Program Files (x86)\Intel\Intel(R) Management Engine Components\iCLS\;C:\Program Files\Intel\Intel(R) Management Engine Components\iCLS\;C:\Windows\system32;C:\Windows;C:\Windows\System32\Wbem;C:\Windows\System32\WindowsPowerShell\v1.0\;C:\Windows\System32\OpenSSH\;C:\Program Files (x86)\Intel\Intel(R) Management Engine Components\DAL;C:\Program Files\Intel\Intel(R) Management Engine Components\DAL;C:\Program Files (x86)\Intel\Intel(R) Management Engine Components\IPT;C:\Program Files\Intel\Intel(R) Management Engine Components\IPT;C:\Program Files\Java\jdk1.8.0_20\bin;C:\Program Files\MySQL\MySQL Server 8.0\bin;;C:\Users\bhagyashree\Desktop;
USERNAME=bhagyashree
OS=Windows_NT
PROCESSOR_IDENTIFIER=Intel64 Family 6 Model 142 Stepping 9, GenuineIntel



---------------  S Y S T E M  ---------------

OS: Windows 8.1 , 64 bit Build 9600 

CPU:total 4 (2 cores per cpu, 2 threads per core) family 6 model 142 stepping 9, cmov, cx8, fxsr, mmx, sse, sse2, sse3, ssse3, sse4.1, sse4.2, popcnt, avx, avx2, aes, clmul, erms, lzcnt, ht, tsc, tscinvbit, bmi1, bmi2

Memory: 4k page, physical 4070836k(407704k free), swap 5496244k(2484k free)

vm_info: Java HotSpot(TM) 64-Bit Server VM (25.20-b23) for windows-amd64 JRE (1.8.0_20-b26), built on Jul 30 2014 13:51:23 by "java_re" with MS VC++ 10.0 (VS2010)

time: Sun Oct 18 21:26:05 2020
elapsed time: 4 seconds (0d 0h 0m 4s)

